2025-11-16 13:06:49,985 INFO: Application startup [in /Users/atmamun/Programming/SOFT12/L-FT/ledger_of_financial_transactions/app/utils/logger.py:95]
2025-11-16 13:06:50,000 INFO: Application starting up [in /Users/atmamun/Programming/SOFT12/L-FT/ledger_of_financial_transactions/app/__init__.py:59]
2025-11-16 13:06:50,000 INFO: Environment: development [in /Users/atmamun/Programming/SOFT12/L-FT/ledger_of_financial_transactions/app/__init__.py:60]
2025-11-16 13:06:50,000 INFO: Debug mode: True [in /Users/atmamun/Programming/SOFT12/L-FT/ledger_of_financial_transactions/app/__init__.py:61]
2025-11-16 13:06:50,000 INFO: Database: sqlite:////Users/atmamun/Programming/SOFT12/L-FT/ledger_of_financial_transactions/instance/site.db [in /Users/atmamun/Programming/SOFT12/L-FT/ledger_of_financial_transactions/app/__init__.py:62]
2025-11-16 13:07:25,535 INFO: Application startup [in /Users/atmamun/Programming/SOFT12/L-FT/ledger_of_financial_transactions/app/utils/logger.py:95]
2025-11-16 13:07:25,541 INFO: Application starting up [in /Users/atmamun/Programming/SOFT12/L-FT/ledger_of_financial_transactions/app/__init__.py:59]
2025-11-16 13:07:25,541 INFO: Environment: development [in /Users/atmamun/Programming/SOFT12/L-FT/ledger_of_financial_transactions/app/__init__.py:60]
2025-11-16 13:07:25,541 INFO: Debug mode: True [in /Users/atmamun/Programming/SOFT12/L-FT/ledger_of_financial_transactions/app/__init__.py:61]
2025-11-16 13:07:25,541 INFO: Database: sqlite:////Users/atmamun/Programming/SOFT12/L-FT/ledger_of_financial_transactions/instance/site.db [in /Users/atmamun/Programming/SOFT12/L-FT/ledger_of_financial_transactions/app/__init__.py:62]
2025-11-16 13:09:20,451 INFO: Application startup [in /Users/atmamun/Programming/SOFT12/L-FT/ledger_of_financial_transactions/app/utils/logger.py:95]
2025-11-16 13:09:20,457 INFO: Application starting up [in /Users/atmamun/Programming/SOFT12/L-FT/ledger_of_financial_transactions/app/__init__.py:59]
2025-11-16 13:09:20,457 INFO: Environment: development [in /Users/atmamun/Programming/SOFT12/L-FT/ledger_of_financial_transactions/app/__init__.py:60]
2025-11-16 13:09:20,457 INFO: Debug mode: True [in /Users/atmamun/Programming/SOFT12/L-FT/ledger_of_financial_transactions/app/__init__.py:61]
2025-11-16 13:09:20,457 INFO: Database: sqlite:////Users/atmamun/Programming/SOFT12/L-FT/ledger_of_financial_transactions/instance/site.db [in /Users/atmamun/Programming/SOFT12/L-FT/ledger_of_financial_transactions/app/__init__.py:62]
2025-11-16 13:09:20,821 INFO: Application startup [in /Users/atmamun/Programming/SOFT12/L-FT/ledger_of_financial_transactions/app/utils/logger.py:95]
2025-11-16 13:09:20,827 INFO: Application starting up [in /Users/atmamun/Programming/SOFT12/L-FT/ledger_of_financial_transactions/app/__init__.py:59]
2025-11-16 13:09:20,827 INFO: Environment: development [in /Users/atmamun/Programming/SOFT12/L-FT/ledger_of_financial_transactions/app/__init__.py:60]
2025-11-16 13:09:20,827 INFO: Debug mode: True [in /Users/atmamun/Programming/SOFT12/L-FT/ledger_of_financial_transactions/app/__init__.py:61]
2025-11-16 13:09:20,827 INFO: Database: sqlite:////Users/atmamun/Programming/SOFT12/L-FT/ledger_of_financial_transactions/instance/site.db [in /Users/atmamun/Programming/SOFT12/L-FT/ledger_of_financial_transactions/app/__init__.py:62]
2025-11-16 13:09:21,196 INFO: Application startup [in /Users/atmamun/Programming/SOFT12/L-FT/ledger_of_financial_transactions/app/utils/logger.py:95]
2025-11-16 13:09:21,202 INFO: Application starting up [in /Users/atmamun/Programming/SOFT12/L-FT/ledger_of_financial_transactions/app/__init__.py:59]
2025-11-16 13:09:21,202 INFO: Environment: development [in /Users/atmamun/Programming/SOFT12/L-FT/ledger_of_financial_transactions/app/__init__.py:60]
2025-11-16 13:09:21,202 INFO: Debug mode: True [in /Users/atmamun/Programming/SOFT12/L-FT/ledger_of_financial_transactions/app/__init__.py:61]
2025-11-16 13:09:21,202 INFO: Database: sqlite:////Users/atmamun/Programming/SOFT12/L-FT/ledger_of_financial_transactions/instance/site.db [in /Users/atmamun/Programming/SOFT12/L-FT/ledger_of_financial_transactions/app/__init__.py:62]
2025-11-16 13:09:21,572 INFO: Application startup [in /Users/atmamun/Programming/SOFT12/L-FT/ledger_of_financial_transactions/app/utils/logger.py:95]
2025-11-16 13:09:21,577 INFO: Application starting up [in /Users/atmamun/Programming/SOFT12/L-FT/ledger_of_financial_transactions/app/__init__.py:59]
2025-11-16 13:09:21,577 INFO: Environment: development [in /Users/atmamun/Programming/SOFT12/L-FT/ledger_of_financial_transactions/app/__init__.py:60]
2025-11-16 13:09:21,577 INFO: Debug mode: True [in /Users/atmamun/Programming/SOFT12/L-FT/ledger_of_financial_transactions/app/__init__.py:61]
2025-11-16 13:09:21,577 INFO: Database: sqlite:////Users/atmamun/Programming/SOFT12/L-FT/ledger_of_financial_transactions/instance/site.db [in /Users/atmamun/Programming/SOFT12/L-FT/ledger_of_financial_transactions/app/__init__.py:62]
2025-11-16 13:11:11,267 INFO: Application startup [in /Users/atmamun/Programming/SOFT12/L-FT/ledger_of_financial_transactions/app/utils/logger.py:95]
2025-11-16 13:11:11,273 INFO: Application starting up [in /Users/atmamun/Programming/SOFT12/L-FT/ledger_of_financial_transactions/app/__init__.py:59]
2025-11-16 13:11:11,273 INFO: Environment: development [in /Users/atmamun/Programming/SOFT12/L-FT/ledger_of_financial_transactions/app/__init__.py:60]
2025-11-16 13:11:11,273 INFO: Debug mode: True [in /Users/atmamun/Programming/SOFT12/L-FT/ledger_of_financial_transactions/app/__init__.py:61]
2025-11-16 13:11:11,273 INFO: Database: sqlite:////Users/atmamun/Programming/SOFT12/L-FT/ledger_of_financial_transactions/instance/site.db [in /Users/atmamun/Programming/SOFT12/L-FT/ledger_of_financial_transactions/app/__init__.py:62]
2025-11-16 13:11:20,462 INFO: Application startup [in /Users/atmamun/Programming/SOFT12/L-FT/ledger_of_financial_transactions/app/utils/logger.py:95]
2025-11-16 13:11:20,467 INFO: Application starting up [in /Users/atmamun/Programming/SOFT12/L-FT/ledger_of_financial_transactions/app/__init__.py:59]
2025-11-16 13:11:20,467 INFO: Environment: development [in /Users/atmamun/Programming/SOFT12/L-FT/ledger_of_financial_transactions/app/__init__.py:60]
2025-11-16 13:11:20,467 INFO: Debug mode: True [in /Users/atmamun/Programming/SOFT12/L-FT/ledger_of_financial_transactions/app/__init__.py:61]
2025-11-16 13:11:20,467 INFO: Database: sqlite:////Users/atmamun/Programming/SOFT12/L-FT/ledger_of_financial_transactions/instance/site.db [in /Users/atmamun/Programming/SOFT12/L-FT/ledger_of_financial_transactions/app/__init__.py:62]
2025-11-16 13:11:35,496 INFO: Application startup [in /Users/atmamun/Programming/SOFT12/L-FT/ledger_of_financial_transactions/app/utils/logger.py:95]
2025-11-16 13:11:35,502 INFO: Application starting up [in /Users/atmamun/Programming/SOFT12/L-FT/ledger_of_financial_transactions/app/__init__.py:59]
2025-11-16 13:11:35,502 INFO: Environment: development [in /Users/atmamun/Programming/SOFT12/L-FT/ledger_of_financial_transactions/app/__init__.py:60]
2025-11-16 13:11:35,502 INFO: Debug mode: True [in /Users/atmamun/Programming/SOFT12/L-FT/ledger_of_financial_transactions/app/__init__.py:61]
2025-11-16 13:11:35,502 INFO: Database: sqlite:////Users/atmamun/Programming/SOFT12/L-FT/ledger_of_financial_transactions/instance/site.db [in /Users/atmamun/Programming/SOFT12/L-FT/ledger_of_financial_transactions/app/__init__.py:62]
2025-11-16 13:12:33,887 INFO: Application startup [in /Users/atmamun/Programming/SOFT12/L-FT/ledger_of_financial_transactions/app/utils/logger.py:95]
2025-11-16 13:12:33,893 INFO: Application starting up [in /Users/atmamun/Programming/SOFT12/L-FT/ledger_of_financial_transactions/app/__init__.py:59]
2025-11-16 13:12:33,893 INFO: Environment: development [in /Users/atmamun/Programming/SOFT12/L-FT/ledger_of_financial_transactions/app/__init__.py:60]
2025-11-16 13:12:33,893 INFO: Debug mode: True [in /Users/atmamun/Programming/SOFT12/L-FT/ledger_of_financial_transactions/app/__init__.py:61]
2025-11-16 13:12:33,893 INFO: Database: sqlite:////Users/atmamun/Programming/SOFT12/L-FT/ledger_of_financial_transactions/instance/site.db [in /Users/atmamun/Programming/SOFT12/L-FT/ledger_of_financial_transactions/app/__init__.py:62]
2025-11-16 13:12:43,812 INFO: Application startup [in /Users/atmamun/Programming/SOFT12/L-FT/ledger_of_financial_transactions/app/utils/logger.py:95]
2025-11-16 13:12:43,818 INFO: Application starting up [in /Users/atmamun/Programming/SOFT12/L-FT/ledger_of_financial_transactions/app/__init__.py:59]
2025-11-16 13:12:43,818 INFO: Environment: development [in /Users/atmamun/Programming/SOFT12/L-FT/ledger_of_financial_transactions/app/__init__.py:60]
2025-11-16 13:12:43,818 INFO: Debug mode: True [in /Users/atmamun/Programming/SOFT12/L-FT/ledger_of_financial_transactions/app/__init__.py:61]
2025-11-16 13:12:43,818 INFO: Database: sqlite:////Users/atmamun/Programming/SOFT12/L-FT/ledger_of_financial_transactions/instance/site.db [in /Users/atmamun/Programming/SOFT12/L-FT/ledger_of_financial_transactions/app/__init__.py:62]
2025-11-16 13:13:22,811 INFO: Application startup [in /Users/atmamun/Programming/SOFT12/L-FT/ledger_of_financial_transactions/app/utils/logger.py:95]
2025-11-16 13:13:22,817 INFO: Application starting up [in /Users/atmamun/Programming/SOFT12/L-FT/ledger_of_financial_transactions/app/__init__.py:59]
2025-11-16 13:13:22,817 INFO: Environment: development [in /Users/atmamun/Programming/SOFT12/L-FT/ledger_of_financial_transactions/app/__init__.py:60]
2025-11-16 13:13:22,817 INFO: Debug mode: True [in /Users/atmamun/Programming/SOFT12/L-FT/ledger_of_financial_transactions/app/__init__.py:61]
2025-11-16 13:13:22,817 INFO: Database: sqlite:////Users/atmamun/Programming/SOFT12/L-FT/ledger_of_financial_transactions/instance/site.db [in /Users/atmamun/Programming/SOFT12/L-FT/ledger_of_financial_transactions/app/__init__.py:62]
2025-11-16 13:13:22,822 INFO: Registered blueprint: main [in /Users/atmamun/Programming/SOFT12/L-FT/ledger_of_financial_transactions/app/__init__.py:86]
2025-11-16 13:13:22,822 INFO: Registered blueprint: auth [in /Users/atmamun/Programming/SOFT12/L-FT/ledger_of_financial_transactions/app/__init__.py:86]
2025-11-16 13:13:22,823 INFO: Registered blueprint: admin [in /Users/atmamun/Programming/SOFT12/L-FT/ledger_of_financial_transactions/app/__init__.py:86]
2025-11-16 13:13:22,823 INFO: Registered blueprint: api [in /Users/atmamun/Programming/SOFT12/L-FT/ledger_of_financial_transactions/app/__init__.py:86]
2025-11-16 13:13:56,020 INFO: Application startup [in /Users/atmamun/Programming/SOFT12/L-FT/ledger_of_financial_transactions/app/utils/logger.py:95]
2025-11-16 13:13:56,026 INFO: Application starting up [in /Users/atmamun/Programming/SOFT12/L-FT/ledger_of_financial_transactions/app/__init__.py:59]
2025-11-16 13:13:56,026 INFO: Environment: development [in /Users/atmamun/Programming/SOFT12/L-FT/ledger_of_financial_transactions/app/__init__.py:60]
2025-11-16 13:13:56,026 INFO: Debug mode: True [in /Users/atmamun/Programming/SOFT12/L-FT/ledger_of_financial_transactions/app/__init__.py:61]
2025-11-16 13:13:56,026 INFO: Database: sqlite:////Users/atmamun/Programming/SOFT12/L-FT/ledger_of_financial_transactions/instance/site.db [in /Users/atmamun/Programming/SOFT12/L-FT/ledger_of_financial_transactions/app/__init__.py:62]
2025-11-16 13:13:56,029 INFO: Registered blueprint: main [in /Users/atmamun/Programming/SOFT12/L-FT/ledger_of_financial_transactions/app/__init__.py:86]
2025-11-16 13:13:56,029 INFO: Registered blueprint: auth [in /Users/atmamun/Programming/SOFT12/L-FT/ledger_of_financial_transactions/app/__init__.py:86]
2025-11-16 13:13:56,030 INFO: Registered blueprint: admin [in /Users/atmamun/Programming/SOFT12/L-FT/ledger_of_financial_transactions/app/__init__.py:86]
2025-11-16 13:13:56,030 INFO: Registered blueprint: api [in /Users/atmamun/Programming/SOFT12/L-FT/ledger_of_financial_transactions/app/__init__.py:86]
2025-11-16 13:18:49,850 INFO: Application startup [in /Users/atmamun/Programming/SOFT12/L-FT/ledger_of_financial_transactions/app/utils/logger.py:95]
2025-11-16 13:18:49,856 INFO: Application starting up [in /Users/atmamun/Programming/SOFT12/L-FT/ledger_of_financial_transactions/app/__init__.py:59]
2025-11-16 13:18:49,856 INFO: Environment: development [in /Users/atmamun/Programming/SOFT12/L-FT/ledger_of_financial_transactions/app/__init__.py:60]
2025-11-16 13:18:49,856 INFO: Debug mode: True [in /Users/atmamun/Programming/SOFT12/L-FT/ledger_of_financial_transactions/app/__init__.py:61]
2025-11-16 13:18:49,856 INFO: Database: sqlite:////Users/atmamun/Programming/SOFT12/L-FT/ledger_of_financial_transactions/instance/site.db [in /Users/atmamun/Programming/SOFT12/L-FT/ledger_of_financial_transactions/app/__init__.py:62]
2025-11-16 13:18:49,860 INFO: Registered blueprint: main [in /Users/atmamun/Programming/SOFT12/L-FT/ledger_of_financial_transactions/app/__init__.py:87]
2025-11-16 13:18:49,860 INFO: Registered blueprint: auth [in /Users/atmamun/Programming/SOFT12/L-FT/ledger_of_financial_transactions/app/__init__.py:87]
2025-11-16 13:18:49,860 INFO: Registered blueprint: admin [in /Users/atmamun/Programming/SOFT12/L-FT/ledger_of_financial_transactions/app/__init__.py:87]
2025-11-16 13:18:49,861 INFO: Registered blueprint: api [in /Users/atmamun/Programming/SOFT12/L-FT/ledger_of_financial_transactions/app/__init__.py:87]
2025-11-16 13:18:49,861 INFO: Registered blueprint: transactions [in /Users/atmamun/Programming/SOFT12/L-FT/ledger_of_financial_transactions/app/__init__.py:87]
2025-11-16 13:18:49,861 INFO: Registered blueprint: errors [in /Users/atmamun/Programming/SOFT12/L-FT/ledger_of_financial_transactions/app/__init__.py:87]
